This file contains any messages produced by compilers while
running configure, to aid debugging if configure makes a mistake.

It was created by txt configure 0.0.1, which was
generated by GNU Autoconf 2.69.  Invocation command line was

  $ ./configure 

## --------- ##
## Platform. ##
## --------- ##

hostname = arch_ben
uname -m = armv7l
uname -r = 4.4.8-2-ARCH
uname -s = Linux
uname -v = #1 SMP Tue Apr 26 19:14:58 MDT 2016

/usr/bin/uname -p = unknown
/bin/uname -X     = unknown

/bin/arch              = unknown
/usr/bin/arch -k       = unknown
/usr/convex/getsysinfo = unknown
/usr/bin/hostinfo      = unknown
/bin/machine           = unknown
/usr/bin/oslevel       = unknown
/bin/universe          = unknown

PATH: /usr/local/sbin
PATH: /usr/local/bin
PATH: /usr/bin
PATH: /usr/bin/site_perl
PATH: /usr/bin/vendor_perl
PATH: /usr/bin/core_perl


## ----------- ##
## Core tests. ##
## ----------- ##

configure:1828: checking for a BSD-compatible install
configure:1896: result: /usr/bin/install -c
configure:1907: checking whether build environment is sane
configure:1962: result: yes
configure:2113: checking for a thread-safe mkdir -p
configure:2152: result: /usr/bin/mkdir -p
configure:2159: checking for gawk
configure:2175: found /usr/bin/gawk
configure:2186: result: gawk
configure:2197: checking whether make sets $(MAKE)
configure:2219: result: yes
configure:2248: checking whether make supports nested variables
configure:2265: result: yes
configure:2439: checking for gcc
configure:2455: found /usr/bin/gcc
configure:2466: result: gcc
configure:2695: checking for C compiler version
configure:2704: gcc --version >&5
gcc (GCC) 6.1.1 20160501
Copyright (C) 2016 Free Software Foundation, Inc.
This is free software; see the source for copying conditions.  There is NO
warranty; not even for MERCHANTABILITY or FITNESS FOR A PARTICULAR PURPOSE.

configure:2715: $? = 0
configure:2704: gcc -v >&5
Using built-in specs.
COLLECT_GCC=gcc
COLLECT_LTO_WRAPPER=/usr/lib/gcc/armv7l-unknown-linux-gnueabihf/6.1.1/lto-wrapper
Target: armv7l-unknown-linux-gnueabihf
Configured with: /build/gcc/src/gcc/configure --prefix=/usr --libdir=/usr/lib --libexecdir=/usr/lib --mandir=/usr/share/man --infodir=/usr/share/info --with-bugurl=https://github.com/archlinuxarm/PKGBUILDs/issues --enable-languages=c,c++,fortran,go,lto,objc,obj-c++ --enable-shared --enable-threads=posix --with-system-zlib --with-isl --enable-__cxa_atexit --disable-libunwind-exceptions --enable-clocale=gnu --disable-libstdcxx-pch --disable-libssp --enable-gnu-unique-object --enable-linker-build-id --enable-lto --enable-plugin --enable-install-libiberty --with-linker-hash-style=gnu --enable-gnu-indirect-function --disable-multilib --disable-werror --enable-checking=release --host=armv7l-unknown-linux-gnueabihf --build=armv7l-unknown-linux-gnueabihf --with-arch=armv7-a --with-float=hard --with-fpu=vfpv3-d16
Thread model: posix
gcc version 6.1.1 20160501 (GCC) 
configure:2715: $? = 0
configure:2704: gcc -V >&5
gcc: error: unrecognized command line option '-V'
gcc: fatal error: no input files
compilation terminated.
configure:2715: $? = 1
configure:2704: gcc -qversion >&5
gcc: error: unrecognized command line option '-qversion'; did you mean '--version'?
gcc: fatal error: no input files
compilation terminated.
configure:2715: $? = 1
configure:2735: checking whether the C compiler works
configure:2757: gcc    conftest.c  >&5
configure:2761: $? = 0
configure:2809: result: yes
configure:2812: checking for C compiler default output file name
configure:2814: result: a.out
configure:2820: checking for suffix of executables
configure:2827: gcc -o conftest    conftest.c  >&5
configure:2831: $? = 0
configure:2853: result: 
configure:2875: checking whether we are cross compiling
configure:2883: gcc -o conftest    conftest.c  >&5
configure:2887: $? = 0
configure:2894: ./conftest
configure:2898: $? = 0
configure:2913: result: no
configure:2918: checking for suffix of object files
configure:2940: gcc -c   conftest.c >&5
configure:2944: $? = 0
configure:2965: result: o
configure:2969: checking whether we are using the GNU C compiler
configure:2988: gcc -c   conftest.c >&5
configure:2988: $? = 0
configure:2997: result: yes
configure:3006: checking whether gcc accepts -g
configure:3026: gcc -c -g  conftest.c >&5
configure:3026: $? = 0
configure:3067: result: yes
configure:3084: checking for gcc option to accept ISO C89
configure:3147: gcc  -c -g -O2  conftest.c >&5
configure:3147: $? = 0
configure:3160: result: none needed
configure:3185: checking whether gcc understands -c and -o together
configure:3207: gcc -c conftest.c -o conftest2.o
configure:3210: $? = 0
configure:3207: gcc -c conftest.c -o conftest2.o
configure:3210: $? = 0
configure:3222: result: yes
configure:3250: checking for style of include used by make
configure:3278: result: GNU
configure:3304: checking dependency style of gcc
configure:3415: result: gcc3
configure:3543: checking that generated files are newer than configure
configure:3549: result: done
configure:3572: creating ./config.status

## ---------------------- ##
## Running config.status. ##
## ---------------------- ##

This file was extended by txt config.status 0.0.1, which was
generated by GNU Autoconf 2.69.  Invocation command line was

  CONFIG_FILES    = 
  CONFIG_HEADERS  = 
  CONFIG_LINKS    = 
  CONFIG_COMMANDS = 
  $ ./config.status 

on arch_ben

config.status:840: creating Makefile
config.status:840: creating src/Makefile
config.status:840: creating config.h
config.status:1021: config.h is unchanged
config.status:1069: executing depfiles commands

## ---------------- ##
## Cache variables. ##
## ---------------- ##

ac_cv_c_compiler_gnu=yes
ac_cv_env_CC_set=
ac_cv_env_CC_value=
ac_cv_env_CFLAGS_set=
ac_cv_env_CFLAGS_value=
ac_cv_env_CPPFLAGS_set=
ac_cv_env_CPPFLAGS_value=
ac_cv_env_LDFLAGS_set=
ac_cv_env_LDFLAGS_value=
ac_cv_env_LIBS_set=
ac_cv_env_LIBS_value=
ac_cv_env_build_alias_set=
ac_cv_env_build_alias_value=
ac_cv_env_host_alias_set=
ac_cv_env_host_alias_value=
ac_cv_env_target_alias_set=
ac_cv_env_target_alias_value=
ac_cv_objext=o
ac_cv_path_install='/usr/bin/install -c'
ac_cv_path_mkdir=/usr/bin/mkdir
ac_cv_prog_AWK=gawk
ac_cv_prog_ac_ct_CC=gcc
ac_cv_prog_cc_c89=
ac_cv_prog_cc_g=yes
ac_cv_prog_make_make_set=yes
am_cv_CC_dependencies_compiler_type=gcc3
am_cv_make_support_nested_variables=yes
am_cv_prog_cc_c_o=yes

## ----------------- ##
## Output variables. ##
## ----------------- ##

ACLOCAL='${SHELL} /home/alarm/txt/missing aclocal-1.15'
AMDEPBACKSLASH='\'
AMDEP_FALSE='#'
AMDEP_TRUE=''
AMTAR='$${TAR-tar}'
AM_BACKSLASH='\'
AM_DEFAULT_V='$(AM_DEFAULT_VERBOSITY)'
AM_DEFAULT_VERBOSITY='1'
AM_V='$(V)'
AUTOCONF='${SHELL} /home/alarm/txt/missing autoconf'
AUTOHEADER='${SHELL} /home/alarm/txt/missing autoheader'
AUTOMAKE='${SHELL} /home/alarm/txt/missing automake-1.15'
AWK='gawk'
CC='gcc'
CCDEPMODE='depmode=gcc3'
CFLAGS='-g -O2'
CPPFLAGS=''
CYGPATH_W='echo'
DEFS='-DHAVE_CONFIG_H'
DEPDIR='.deps'
ECHO_C=''
ECHO_N='-n'
ECHO_T=''
EXEEXT=''
INSTALL_DATA='${INSTALL} -m 644'
INSTALL_PROGRAM='${INSTALL}'
INSTALL_SCRIPT='${INSTALL}'
INSTALL_STRIP_PROGRAM='$(install_sh) -c -s'
LDFLAGS=''
LIBOBJS=''
LIBS=''
LTLIBOBJS=''
MAKEINFO='${SHELL} /home/alarm/txt/missing makeinfo'
MKDIR_P='/usr/bin/mkdir -p'
OBJEXT='o'
PACKAGE='txt'
PACKAGE_BUGREPORT=''
PACKAGE_NAME='txt'
PACKAGE_STRING='txt 0.0.1'
PACKAGE_TARNAME='txt'
PACKAGE_URL=''
PACKAGE_VERSION='0.0.1'
PATH_SEPARATOR=':'
SET_MAKE=''
SHELL='/bin/sh'
STRIP=''
VERSION='0.0.1'
ac_ct_CC='gcc'
am__EXEEXT_FALSE=''
am__EXEEXT_TRUE='#'
am__fastdepCC_FALSE='#'
am__fastdepCC_TRUE=''
am__include='include'
am__isrc=''
am__leading_dot='.'
am__nodep='_no'
am__quote=''
am__tar='$${TAR-tar} chof - "$$tardir"'
am__untar='$${TAR-tar} xf -'
bindir='${exec_prefix}/bin'
build_alias=''
datadir='${datarootdir}'
datarootdir='${prefix}/share'
docdir='${datarootdir}/doc/${PACKAGE_TARNAME}'
dvidir='${docdir}'
exec_prefix='${prefix}'
host_alias=''
htmldir='${docdir}'
includedir='${prefix}/include'
infodir='${datarootdir}/info'
install_sh='${SHELL} /home/alarm/txt/install-sh'
libdir='${exec_prefix}/lib'
libexecdir='${exec_prefix}/libexec'
localedir='${datarootdir}/locale'
localstatedir='${prefix}/var'
mandir='${datarootdir}/man'
mkdir_p='$(MKDIR_P)'
oldincludedir='/usr/include'
pdfdir='${docdir}'
prefix='/usr/local'
program_transform_name='s,x,x,'
psdir='${docdir}'
sbindir='${exec_prefix}/sbin'
sharedstatedir='${prefix}/com'
sysconfdir='${prefix}/etc'
target_alias=''

## ----------- ##
## confdefs.h. ##
## ----------- ##

/* confdefs.h */
#define PACKAGE_NAME "txt"
#define PACKAGE_TARNAME "txt"
#define PACKAGE_VERSION "0.0.1"
#define PACKAGE_STRING "txt 0.0.1"
#define PACKAGE_BUGREPORT ""
#define PACKAGE_URL ""
#define PACKAGE "txt"
#define VERSION "0.0.1"

configure: exit 0

## ---------------------- ##
## Running config.status. ##
## ---------------------- ##

This file was extended by txt config.status 0.0.1, which was
generated by GNU Autoconf 2.69.  Invocation command line was

  CONFIG_FILES    = 
  CONFIG_HEADERS  = 
  CONFIG_LINKS    = 
  CONFIG_COMMANDS = 
  $ ./config.status Makefile

on arch_ben

config.status:840: creating Makefile

## ---------------------- ##
## Running config.status. ##
## ---------------------- ##

This file was extended by txt config.status 0.0.1, which was
generated by GNU Autoconf 2.69.  Invocation command line was

  CONFIG_FILES    = 
  CONFIG_HEADERS  = 
  CONFIG_LINKS    = 
  CONFIG_COMMANDS = 
  $ ./config.status src/Makefile depfiles

on arch_ben

config.status:840: creating src/Makefile
config.status:1069: executing depfiles commands
